<?xml version="1.0" encoding="UTF-8"?>
<testsuite xmlns:xsi="http://www.w3.org/2001/XMLSchema-instance" xsi:noNamespaceSchemaLocation="https://maven.apache.org/surefire/maven-surefire-plugin/xsd/surefire-test-report-3.0.xsd" version="3.0" name="com.example.StudentRepositoryTest" time="0.79" tests="8" errors="0" skipped="0" failures="0">
  <properties>
[...]
</properties>
  <testcase name="testRemoveStudentById_Success" classname="com.example.StudentRepositoryTest" time="0.752">
    <system-out><![CDATA[
Enter Student ID to remove: 
Student with ID 101 removed successfully!
]]></system-out>
    <system-err><![CDATA[WARNING: A Java agent has been loaded dynamically (C:\Users\VINTAZ80\.m2\repository\net\bytebuddy\byte-buddy-agent\1.14.6\byte-buddy-agent-1.14.6.jar)
WARNING: If a serviceability tool is in use, please run with -XX:+EnableDynamicAgentLoading to hide this warning
WARNING: If a serviceability tool is not in use, please run with -Djdk.instrument.traceUsage for more information
WARNING: Dynamic loading of agents will be disallowed by default in a future release
]]></system-err>
  </testcase>
  <testcase name="testRemoveStudentById_NotFound" classname="com.example.StudentRepositoryTest" time="0.003">
    <system-out><![CDATA[
Enter Student ID to remove: 
Error: Student with ID 999 not found.
]]></system-out>
  </testcase>
  <testcase name="testAddNewStudent_Success" classname="com.example.StudentRepositoryTest" time="0.004">
    <system-out><![CDATA[
Enter Student ID: 
Enter Student Name: 
Enter Student Age: 
Student added successfully!
]]></system-out>
  </testcase>
  <testcase name="testSearchStudentById_NotFound" classname="com.example.StudentRepositoryTest" time="0.002">
    <system-out><![CDATA[
Please enter the Student ID you want to search for: 
No student found with the provided ID.
]]></system-out>
  </testcase>
  <testcase name="testSearchStudentById_Found" classname="com.example.StudentRepositoryTest" time="0.003">
    <system-out><![CDATA[
Please enter the Student ID you want to search for: 
--- Student Found ---
ID        : 101
Name      : Ali
Age       : 20
]]></system-out>
  </testcase>
  <testcase name="testAddNewStudent_DuplicateId" classname="com.example.StudentRepositoryTest" time="0.004">
    <system-out><![CDATA[
Enter Student ID: 
Enter Student Name: 
Enter Student Age: 
Error: A student with ID 101 already exists.
]]></system-out>
  </testcase>
  <testcase name="testDisplayAllStudents_NonEmpty" classname="com.example.StudentRepositoryTest" time="0.002">
    <system-out><![CDATA[
--- List of Students ---
ID         Name                 Age  
-----------------------------------------
101        Ali                  20   
]]></system-out>
  </testcase>
  <testcase name="testDisplayAllStudents_Empty" classname="com.example.StudentRepositoryTest" time="0.001">
    <system-out><![CDATA[
No students found.
]]></system-out>
  </testcase>
</testsuite>